<?xml version="1.0" encoding="UTF-8"?>
<!-- Generated by org.testng.reporters.JUnitReportReporter -->
<testsuite hostname="LAPTOP-6T86UM9D" failures="0" tests="1" name="BuyProductTestCase.BuyProduct" time="13.113" errors="0" timestamp="2024-03-11T12:29:48 IST" skipped="0">
  <testcase classname="BuyProductTestCase.BuyProduct" name="Test" time="13.113"/>
  <system-out/>
</testsuite> <!-- BuyProductTestCase.BuyProduct -->
